\BOOKMARK [1][-]{section.1}{\376\377\000b\000l\000u\000e\000\040\000C\000o\000n\000f\000i\000g\000u\000r\000a\000t\000i\000o\000n\000\040\000d\000e\000\040\000l\000a\000\040\000s\000i\000m\000u\000l\000a\000t\000i\000o\000n\000b\000l\000a\000c\000k}{}% 1
\BOOKMARK [2][-]{subsection.1.1}{\376\377\000b\000l\000u\000e\000V\000u\000e\000\040\000d\000'\000E\000n\000s\000e\000m\000b\000l\000e\000\040\040\023\000\040\000C\000o\000u\000p\000e\000\040\000L\000o\000n\000g\000i\000t\000u\000d\000i\000n\000a\000l\000e\000b\000l\000a\000c\000k}{section.1}% 2
\BOOKMARK [2][-]{subsection.1.2}{\376\377\000b\000l\000u\000e\000P\000a\000r\000a\000m\000\350\000t\000r\000e\000s\000\040\000g\000\351\000o\000m\000\351\000t\000r\000i\000q\000u\000e\000s\000\040\000d\000e\000\040\000l\000a\000\040\000s\000i\000m\000u\000l\000a\000t\000i\000o\000n\000b\000l\000a\000c\000k}{section.1}% 3
\BOOKMARK [1][-]{section.2}{\376\377\000b\000l\000u\000e\000\040\000R\000\351\000s\000u\000l\000t\000a\000t\000s\000\040\000d\000e\000\040\000S\000i\000m\000u\000l\000a\000t\000i\000o\000n\000b\000l\000a\000c\000k}{}% 4
\BOOKMARK [2][-]{subsection.2.1}{\376\377\000b\000l\000u\000e\000S\000t\000a\000t\000i\000s\000t\000i\000q\000u\000e\000s\000\040\000d\000e\000\040\000g\000\351\000n\000\351\000r\000a\000t\000i\000o\000n\000b\000l\000a\000c\000k}{section.2}% 5
\BOOKMARK [2][-]{subsection.2.2}{\376\377\000b\000l\000u\000e\000M\000\351\000t\000h\000o\000d\000e\000\040\0001\000\040\000:\000\040\000D\000\351\000p\000\364\000t\000\040\000d\000'\000\351\000n\000e\000r\000g\000i\000e\000\040\000M\000o\000n\000t\000e\000-\000C\000a\000r\000l\000o\000\040\000d\000i\000r\000e\000c\000t\000b\000l\000a\000c\000k}{section.2}% 6
\BOOKMARK [2][-]{subsection.2.3}{\376\377\000b\000l\000u\000e\000M\000\351\000t\000h\000o\000d\000e\000\040\0001\000b\000i\000s\000\040\000:\000\040\000F\000o\000r\000\347\000a\000g\000e\000\040\000d\000'\000i\000n\000t\000e\000r\000a\000c\000t\000i\000o\000n\000b\000l\000a\000c\000k}{section.2}% 7
\BOOKMARK [2][-]{subsection.2.4}{\376\377\000b\000l\000u\000e\000M\000\351\000t\000h\000o\000d\000e\000\040\0002\000\040\000:\000\040\000F\000l\000u\000e\000n\000c\000e\000\040\000s\000p\000e\000c\000t\000r\000a\000l\000e\000b\000l\000a\000c\000k}{section.2}% 8
\BOOKMARK [2][-]{subsection.2.5}{\376\377\000b\000l\000u\000e\000D\000\351\000b\000i\000t\000s\000\040\000d\000e\000\040\000d\000o\000s\000e\000\040\000s\000i\000m\000u\000l\000\351\000s\000b\000l\000a\000c\000k}{section.2}% 9
\BOOKMARK [1][-]{section.3}{\376\377\000b\000l\000u\000e\000\040\000A\000n\000a\000l\000y\000s\000e\000\040\000d\000e\000\040\000l\000'\000A\000t\000t\000\351\000n\000u\000a\000t\000i\000o\000n\000b\000l\000a\000c\000k}{}% 10
\BOOKMARK [2][-]{subsection.3.1}{\376\377\000b\000l\000u\000e\000F\000a\000c\000t\000e\000u\000r\000s\000\040\000d\000'\000a\000t\000t\000\351\000n\000u\000a\000t\000i\000o\000n\000\040\000p\000a\000r\000\040\000r\000a\000p\000p\000o\000r\000t\000\040\000\340\000\040\000l\000a\000\040\000t\000h\000\351\000o\000r\000i\000e\000\040\000s\000a\000n\000s\000\040\000\351\000c\000r\000a\000n\000b\000l\000a\000c\000k}{section.3}% 11
\BOOKMARK [2][-]{subsection.3.2}{\376\377\000b\000l\000u\000e\000C\000o\000m\000p\000a\000r\000a\000i\000s\000o\000n\000\040\000d\000i\000r\000e\000c\000t\000e\000\040\000d\000e\000s\000\040\000d\000e\000u\000x\000\040\000\351\000c\000r\000a\000n\000s\000b\000l\000a\000c\000k}{section.3}% 12
\BOOKMARK [2][-]{subsection.3.3}{\376\377\000b\000l\000u\000e\000A\000n\000a\000l\000y\000s\000e\000\040\000p\000h\000y\000s\000i\000q\000u\000e\000b\000l\000a\000c\000k}{section.3}% 13
\BOOKMARK [3][-]{subsubsection.3.3.1}{\376\377\000P\000o\000u\000r\000q\000u\000o\000i\000\040\000l\000e\000\040\000s\000a\000n\000d\000w\000i\000c\000h\000\040\000a\000t\000t\000\351\000n\000u\000e\000\040\000l\000\351\000g\000\350\000r\000e\000m\000e\000n\000t\000\040\000p\000l\000u\000s\000\040\000?}{subsection.3.3}% 14
\BOOKMARK [3][-]{subsubsection.3.3.2}{\376\377\000B\000i\000l\000a\000n\000\040\000p\000o\000u\000r\000\040\000l\000e\000\040\000s\000p\000e\000c\000t\000r\000e\000\040\000E\000u\000-\0001\0005\0002}{subsection.3.3}% 15
\BOOKMARK [2][-]{subsection.3.4}{\376\377\000b\000l\000u\000e\000F\000a\000c\000t\000e\000u\000r\000s\000\040\000d\000'\000a\000t\000t\000\351\000n\000u\000a\000t\000i\000o\000n\000\040\000p\000a\000r\000\040\000r\000a\000p\000p\000o\000r\000t\000\040\000\340\000\040\000l\000a\000\040\000t\000h\000\351\000o\000r\000i\000e\000\040\000s\000a\000n\000s\000\040\000\351\000c\000r\000a\000n\000b\000l\000a\000c\000k}{section.3}% 16
\BOOKMARK [1][-]{section.4}{\376\377\000b\000l\000u\000e\000\040\000S\000y\000n\000t\000h\000\350\000s\000e\000\040\000e\000t\000\040\000C\000o\000n\000c\000l\000u\000s\000i\000o\000n\000s\000b\000l\000a\000c\000k}{}% 17
\BOOKMARK [2][-]{subsection.4.1}{\376\377\000b\000l\000u\000e\000R\000\351\000s\000u\000m\000\351\000\040\000d\000e\000s\000\040\000r\000\351\000s\000u\000l\000t\000a\000t\000s\000b\000l\000a\000c\000k}{section.4}% 18
\BOOKMARK [2][-]{subsection.4.2}{\376\377\000b\000l\000u\000e\000C\000o\000n\000c\000l\000u\000s\000i\000o\000n\000s\000b\000l\000a\000c\000k}{section.4}% 19
\BOOKMARK [2][-]{subsection.4.3}{\376\377\000b\000l\000u\000e\000R\000e\000c\000o\000m\000m\000a\000n\000d\000a\000t\000i\000o\000n\000s\000b\000l\000a\000c\000k}{section.4}% 20
